model-1592346426,1592346427.932,0.54,0.2486,0.5,0.258
model-1592346426,1592346429.261,0.53,0.254,0.39,0.2508
model-1592346426,1592346430.63,0.42,0.2499,0.41,0.2622
model-1592346426,1592346432.165,0.43,0.2599,0.49,0.2503
model-1592346426,1592346433.672,0.53,0.2483,0.58,0.2487
model-1592346426,1592346435.26,0.56,0.2485,0.53,0.2492
model-1592346426,1592346436.981,0.52,0.2488,0.5,0.2496
model-1592346426,1592346438.376,0.47,0.2496,0.49,0.2491
model-1592346426,1592346439.893,0.46,0.25,0.48,0.2495
model-1592346426,1592346441.315,0.53,0.2491,0.56,0.2487
model-1592346426,1592346442.763,0.41,0.2511,0.61,0.2492
model-1592346426,1592346444.187,0.54,0.2496,0.43,0.2504
model-1592346426,1592346445.988,0.53,0.2497,0.51,0.2495
model-1592346426,1592346447.379,0.61,0.2484,0.48,0.2503
model-1592346426,1592346448.801,0.51,0.2496,0.43,0.2522
model-1592346426,1592346450.569,0.48,0.2507,0.34,0.2558
model-1592346426,1592346452.504,0.51,0.2496,0.55,0.2483
model-1592346426,1592346454.219,0.46,0.2514,0.45,0.2513
model-1592346426,1592346455.834,0.47,0.2507,0.53,0.2493
model-1592346426,1592346457.455,0.59,0.2482,0.58,0.2486
model-1592346426,1592346459.012,0.46,0.2494,0.56,0.2491
model-1592346426,1592346460.596,0.62,0.2488,0.55,0.2475
model-1592346426,1592346462.381,0.53,0.2471,0.65,0.2391
model-1592346426,1592346463.979,0.52,0.2472,0.51,0.2497
model-1592346426,1592346465.636,0.43,0.2581,0.47,0.252
model-1592346426,1592346468.111,0.49,0.25,0.57,0.2472
model-1592346426,1592346470.293,0.63,0.2467,0.63,0.2471
model-1592346426,1592346471.879,0.6,0.2481,0.46,0.2508
model-1592346426,1592346473.438,0.54,0.2484,0.5,0.2496
model-1592346426,1592346474.954,0.54,0.2492,0.62,0.2469
model-1592346426,1592346476.55,0.46,0.2503,0.61,0.2479
model-1592346426,1592346478.096,0.68,0.2456,0.53,0.2495
model-1592346426,1592346479.781,0.57,0.2485,0.51,0.249
model-1592346426,1592346481.377,0.58,0.2469,0.6,0.2419
model-1592346426,1592346483.126,0.46,0.2551,0.51,0.2432
model-1592346426,1592346485.109,0.56,0.2468,0.63,0.2462
model-1592346426,1592346486.654,0.61,0.2404,0.61,0.2469
model-1592346426,1592346488.266,0.6,0.2439,0.6,0.2447
model-1592346426,1592346489.879,0.54,0.2465,0.58,0.2448
model-1592346426,1592346491.497,0.62,0.2446,0.57,0.2455
model-1592346426,1592346493.089,0.47,0.2521,0.55,0.246
model-1592346426,1592346494.866,0.59,0.2443,0.56,0.2457
model-1592346426,1592346496.484,0.61,0.2411,0.59,0.2341
model-1592346426,1592346498.121,0.49,0.2515,0.59,0.2438
model-1592346426,1592346500.193,0.65,0.2411,0.57,0.2457
model-1592346426,1592346501.992,0.63,0.24,0.61,0.239
model-1592346426,1592346503.606,0.62,0.2457,0.61,0.2395
model-1592346426,1592346505.242,0.5,0.2506,0.49,0.2456
model-1592346426,1592346506.823,0.58,0.2435,0.6,0.238
model-1592346426,1592346508.485,0.57,0.2423,0.67,0.2363
model-1592346426,1592346510.016,0.54,0.2453,0.65,0.2366
model-1592346426,1592346511.594,0.63,0.2416,0.57,0.2415
model-1592346426,1592346513.157,0.56,0.2423,0.54,0.2452
model-1592346426,1592346514.826,0.61,0.2396,0.58,0.2355
model-1592346426,1592346516.82,0.56,0.2389,0.56,0.2464
model-1592346426,1592346518.569,0.61,0.2433,0.59,0.2409
model-1592346426,1592346520.179,0.53,0.2514,0.61,0.24
model-1592346426,1592346521.721,0.54,0.2448,0.52,0.2482
model-1592346426,1592346523.337,0.55,0.2494,0.63,0.2392
model-1592346426,1592346524.897,0.61,0.2302,0.62,0.2417
model-1592346426,1592346526.452,0.65,0.2333,0.57,0.2301
model-1592346426,1592346527.992,0.55,0.242,0.52,0.2353
model-1592346426,1592346529.638,0.46,0.2617,0.71,0.2321
model-1592346426,1592346531.074,0.63,0.2316,0.57,0.2392
model-1592346426,1592346532.639,0.62,0.2269,0.42,0.2775
model-1592346426,1592346534.018,0.56,0.2383,0.6,0.2339
model-1592346426,1592346535.32,0.61,0.2405,0.65,0.2351
model-1592346426,1592346536.822,0.64,0.2323,0.61,0.2386
model-1592346426,1592346538.185,0.63,0.2349,0.61,0.2268
model-1592346426,1592346539.495,0.6,0.2312,0.68,0.2242
model-1592346426,1592346540.848,0.68,0.2233,0.68,0.2091
model-1592346426,1592346542.214,0.67,0.2277,0.58,0.2426
model-1592346426,1592346543.547,0.68,0.2211,0.56,0.2463
model-1592346426,1592346544.907,0.63,0.2244,0.57,0.2379
model-1592346426,1592346546.32,0.53,0.2665,0.63,0.2384
model-1592346426,1592346548.074,0.63,0.2282,0.63,0.2234
model-1592346426,1592346549.488,0.6,0.2327,0.61,0.2284
model-1592346426,1592346550.807,0.53,0.2472,0.63,0.2279
model-1592346426,1592346552.114,0.6,0.2302,0.54,0.2617
model-1592346426,1592346553.499,0.57,0.2477,0.55,0.2411
model-1592346426,1592346554.852,0.53,0.2502,0.61,0.2404
model-1592346426,1592346556.217,0.62,0.2419,0.61,0.231
model-1592346426,1592346557.528,0.54,0.2453,0.57,0.2394
model-1592346426,1592346558.851,0.62,0.2299,0.63,0.2314
model-1592346426,1592346560.2,0.64,0.2324,0.66,0.2312
model-1592346426,1592346561.542,0.56,0.2394,0.66,0.2314
model-1592346426,1592346562.956,0.64,0.2262,0.61,0.2581
model-1592346426,1592346564.564,0.64,0.2384,0.61,0.2321
model-1592346426,1592346565.888,0.53,0.2442,0.59,0.2514
model-1592346426,1592346567.258,0.57,0.242,0.6,0.2539
model-1592346426,1592346568.64,0.54,0.2438,0.59,0.2329
model-1592346426,1592346570.04,0.61,0.2389,0.59,0.2421
model-1592346426,1592346571.408,0.58,0.2381,0.65,0.2254
model-1592346426,1592346572.69,0.49,0.2473,0.62,0.2315
model-1592346426,1592346574.013,0.64,0.2323,0.62,0.2415
model-1592346426,1592346575.314,0.54,0.2381,0.6,0.2334
model-1592346426,1592346576.675,0.51,0.2429,0.58,0.2408
model-1592346426,1592346577.987,0.54,0.2572,0.6,0.236
model-1592346426,1592346579.492,0.49,0.2512,0.61,0.2365
model-1592346426,1592346581.048,0.53,0.2447,0.63,0.2366
model-1592346426,1592346582.343,0.65,0.223,0.63,0.2264
model-1592346426,1592346583.676,0.57,0.2393,0.56,0.2346
model-1592346426,1592346584.981,0.56,0.2412,0.44,0.2734
model-1592346426,1592346586.278,0.45,0.2601,0.53,0.236
model-1592346426,1592346587.648,0.54,0.2402,0.62,0.2342
model-1592346426,1592346589.032,0.61,0.236,0.66,0.2306
model-1592346426,1592346590.325,0.54,0.2461,0.63,0.2327
model-1592346426,1592346591.687,0.67,0.2333,0.68,0.2306
model-1592346426,1592346593.009,0.68,0.2346,0.56,0.2441
model-1592346426,1592346594.381,0.62,0.2298,0.61,0.2317
model-1592346426,1592346595.986,0.56,0.2435,0.62,0.2351
model-1592346426,1592346597.455,0.71,0.2225,0.63,0.2366
model-1592346426,1592346598.747,0.65,0.2238,0.67,0.2213
model-1592346426,1592346600.166,0.55,0.231,0.65,0.2198
model-1592346426,1592346601.483,0.56,0.2412,0.68,0.2171
model-1592346426,1592346602.822,0.61,0.2294,0.7,0.2215
model-1592346426,1592346604.186,0.6,0.2263,0.63,0.2257
model-1592346426,1592346605.492,0.66,0.2112,0.62,0.2325
model-1592346426,1592346606.834,0.65,0.2147,0.69,0.2032
model-1592346426,1592346608.217,0.68,0.2089,0.65,0.2177
model-1592346426,1592346609.554,0.56,0.2431,0.62,0.2169
model-1592346426,1592346611.282,0.68,0.2327,0.7,0.2071
model-1592346426,1592346612.83,0.62,0.2225,0.6,0.2369
model-1592346426,1592346614.151,0.65,0.2206,0.62,0.2392
model-1592346426,1592346615.529,0.61,0.2386,0.57,0.2676
model-1592346426,1592346616.9,0.58,0.2442,0.62,0.2169
model-1592346426,1592346618.279,0.64,0.2154,0.67,0.2163
model-1592346426,1592346619.911,0.67,0.2206,0.64,0.2146
model-1592346426,1592346621.395,0.57,0.2383,0.61,0.2271
model-1592346426,1592346622.766,0.63,0.2352,0.57,0.2442
model-1592346426,1592346624.352,0.57,0.2581,0.59,0.242
model-1592346426,1592346625.656,0.67,0.2122,0.62,0.2181
model-1592346426,1592346627.12,0.54,0.2598,0.62,0.237
model-1592346426,1592346628.794,0.64,0.2346,0.55,0.241
model-1592346426,1592346630.132,0.64,0.219,0.58,0.2424
model-1592346426,1592346631.482,0.67,0.2218,0.59,0.2207
model-1592346426,1592346632.829,0.59,0.2316,0.6,0.2396
model-1592346426,1592346634.187,0.65,0.2278,0.64,0.2309
model-1592346426,1592346635.507,0.69,0.2192,0.57,0.2341
model-1592346426,1592346636.837,0.6,0.2278,0.59,0.2498
model-1592346426,1592346638.141,0.58,0.2492,0.62,0.2307
model-1592346426,1592346639.546,0.61,0.2392,0.6,0.2343
model-1592346426,1592346640.931,0.66,0.2255,0.61,0.2211
model-1592346426,1592346642.275,0.62,0.2284,0.67,0.2215
model-1592346426,1592346643.831,0.64,0.2232,0.66,0.2285
model-1592346426,1592346645.299,0.6,0.2308,0.62,0.2275
model-1592346426,1592346646.616,0.61,0.2338,0.6,0.235
model-1592346426,1592346647.951,0.58,0.2389,0.64,0.2328
model-1592346426,1592346649.315,0.65,0.222,0.61,0.2239
model-1592346426,1592346650.65,0.6,0.232,0.62,0.2322
model-1592346426,1592346651.994,0.62,0.2346,0.62,0.2398
model-1592346426,1592346653.341,0.55,0.2486,0.57,0.2325
model-1592346426,1592346654.684,0.49,0.2638,0.61,0.2341
model-1592346426,1592346655.998,0.56,0.2394,0.67,0.2221
model-1592346426,1592346657.351,0.53,0.2443,0.66,0.2312
model-1592346426,1592346658.797,0.59,0.2322,0.71,0.2137
model-1592346426,1592346660.396,0.62,0.2245,0.64,0.2227
model-1592346426,1592346661.771,0.6,0.2257,0.64,0.2163
model-1592346426,1592346663.106,0.65,0.2295,0.59,0.2305
model-1592346426,1592346664.513,0.62,0.2247,0.54,0.2533
model-1592346426,1592346665.804,0.69,0.2196,0.61,0.2287
model-1592346426,1592346667.15,0.56,0.2394,0.59,0.2239
model-1592346426,1592346668.511,0.61,0.2198,0.66,0.2068
model-1592346426,1592346669.85,0.72,0.2083,0.65,0.2245
model-1592346426,1592346671.194,0.71,0.2115,0.5,0.2734
model-1592346426,1592346672.556,0.63,0.2153,0.54,0.2568
model-1592346426,1592346673.816,0.53,0.2591,0.65,0.2257
model-1592346426,1592346675.22,0.58,0.242,0.63,0.2138
model-1592346426,1592346676.775,0.5,0.2553,0.59,0.2428
model-1592346426,1592346678.155,0.65,0.2099,0.61,0.2352
model-1592346426,1592346679.479,0.65,0.2128,0.59,0.243
model-1592346426,1592346680.827,0.6,0.2363,0.6,0.2342
model-1592346426,1592346682.205,0.58,0.2243,0.65,0.2301
model-1592346426,1592346683.523,0.69,0.2131,0.62,0.2253
model-1592346426,1592346684.824,0.55,0.2524,0.58,0.2402
model-1592346426,1592346686.14,0.55,0.2306,0.62,0.2317
model-1592346426,1592346687.457,0.6,0.2286,0.69,0.2151
model-1592346426,1592346688.834,0.59,0.2334,0.61,0.2278
model-1592346426,1592346690.18,0.65,0.2219,0.57,0.2414
model-1592346426,1592346691.699,0.65,0.2247,0.66,0.233
model-1592346426,1592346693.15,0.62,0.2291,0.53,0.2554
model-1592346426,1592346694.441,0.58,0.2355,0.58,0.2302
model-1592346426,1592346695.831,0.62,0.2235,0.6,0.2383
model-1592346426,1592346697.131,0.65,0.2251,0.61,0.2216
model-1592346426,1592346698.428,0.7,0.2065,0.63,0.2197
model-1592346426,1592346699.723,0.66,0.2108,0.7,0.2209
model-1592346426,1592346701.163,0.61,0.2255,0.59,0.2512
model-1592346426,1592346702.559,0.65,0.2212,0.59,0.2457
model-1592346426,1592346703.916,0.56,0.2376,0.67,0.2263
model-1592346426,1592346705.28,0.69,0.2012,0.7,0.2158
model-1592346426,1592346706.557,0.62,0.2194,0.62,0.2232
model-1592346426,1592346708.16,0.6,0.235,0.67,0.2142
model-1592346426,1592346709.585,0.73,0.206,0.65,0.2182
model-1592346426,1592346710.885,0.61,0.2199,0.65,0.2151
model-1592346426,1592346712.162,0.64,0.2305,0.67,0.2055
model-1592346426,1592346713.443,0.6,0.2396,0.69,0.2049
model-1592346426,1592346714.804,0.64,0.2178,0.66,0.2078
model-1592346426,1592346716.119,0.63,0.2565,0.69,0.2142
model-1592346426,1592346717.406,0.68,0.2196,0.69,0.2142
model-1592346426,1592346718.692,0.69,0.2126,0.7,0.222
model-1592346426,1592346720.042,0.55,0.2281,0.63,0.2151
model-1592346426,1592346721.359,0.69,0.2075,0.67,0.2175
model-1592346426,1592346722.714,0.67,0.2206,0.64,0.2219
model-1592346426,1592346724.321,0.76,0.1925,0.6,0.2151
model-1592346426,1592346725.67,0.62,0.2117,0.54,0.2571
model-1592346426,1592346726.968,0.64,0.2101,0.65,0.2143
model-1592346426,1592346728.352,0.71,0.2003,0.64,0.2168
model-1592346426,1592346729.701,0.68,0.2311,0.68,0.1936
model-1592346426,1592346731.018,0.66,0.225,0.62,0.225
model-1592346426,1592346732.314,0.62,0.2233,0.7,0.1948
model-1592346426,1592346733.643,0.61,0.2347,0.62,0.2203
model-1592346426,1592346735.054,0.66,0.2091,0.63,0.2225
model-1592346426,1592346736.327,0.58,0.2351,0.74,0.1852
model-1592346426,1592346737.637,0.71,0.1959,0.67,0.2066
model-1592346426,1592346739.082,0.7,0.201,0.67,0.2191
model-1592346426,1592346740.672,0.59,0.2571,0.69,0.2073
model-1592346426,1592346742.005,0.6,0.2451,0.7,0.1958
model-1592346426,1592346743.31,0.65,0.2201,0.65,0.2101
model-1592346426,1592346744.688,0.6,0.2248,0.59,0.2279
model-1592346426,1592346746.048,0.69,0.2067,0.6,0.2539
model-1592346426,1592346747.35,0.55,0.2366,0.64,0.2342
model-1592346426,1592346748.682,0.55,0.2524,0.67,0.2203
model-1592346426,1592346750.041,0.67,0.2108,0.67,0.2298
model-1592346426,1592346751.422,0.65,0.2143,0.7,0.2057
model-1592346426,1592346752.294,0.62,0.2147,0.63,0.2241
model-1592346426,1592346753.71,0.61,0.2347,0.65,0.2208
model-1592346426,1592346755.145,0.65,0.225,0.71,0.2092
model-1592346426,1592346756.67,0.71,0.1965,0.65,0.208
model-1592346426,1592346758.022,0.68,0.2013,0.57,0.2294
model-1592346426,1592346759.349,0.69,0.209,0.67,0.2199
model-1592346426,1592346760.675,0.71,0.2009,0.65,0.2188
model-1592346426,1592346762.025,0.67,0.2179,0.66,0.2077
model-1592346426,1592346763.347,0.67,0.2074,0.67,0.2221
model-1592346426,1592346764.737,0.76,0.18,0.67,0.2163
model-1592346426,1592346766.028,0.63,0.2156,0.7,0.1892
model-1592346426,1592346767.307,0.64,0.2174,0.64,0.2247
model-1592346426,1592346768.666,0.61,0.2268,0.65,0.2178
model-1592346426,1592346770.177,0.61,0.2328,0.64,0.2142
model-1592346426,1592346771.955,0.66,0.2096,0.74,0.1816
model-1592346426,1592346773.41,0.74,0.1982,0.59,0.2665
model-1592346426,1592346774.727,0.64,0.2081,0.69,0.2174
model-1592346426,1592346776.075,0.64,0.2067,0.61,0.2194
model-1592346426,1592346777.599,0.71,0.2051,0.69,0.1978
model-1592346426,1592346779.039,0.63,0.2283,0.67,0.2034
model-1592346426,1592346780.324,0.58,0.2467,0.62,0.2137
model-1592346426,1592346781.672,0.77,0.1753,0.68,0.19
model-1592346426,1592346782.997,0.62,0.2287,0.74,0.202
model-1592346426,1592346784.322,0.71,0.194,0.67,0.2001
model-1592346426,1592346785.618,0.71,0.1767,0.67,0.218
model-1592346426,1592346787.035,0.72,0.1933,0.65,0.2217
model-1592346426,1592346788.713,0.8,0.1813,0.68,0.2011
model-1592346426,1592346790.067,0.71,0.2016,0.67,0.2004
model-1592346426,1592346791.365,0.59,0.2259,0.64,0.2238
model-1592346426,1592346792.757,0.68,0.2051,0.65,0.2093
model-1592346426,1592346794.083,0.7,0.2104,0.65,0.2212
model-1592346426,1592346795.459,0.74,0.2002,0.64,0.2091
model-1592346426,1592346796.808,0.64,0.1953,0.71,0.1972
model-1592346426,1592346798.059,0.66,0.2212,0.68,0.1995
model-1592346426,1592346799.383,0.65,0.1914,0.7,0.2197
model-1592346426,1592346800.698,0.65,0.2182,0.69,0.2174
model-1592346426,1592346801.997,0.7,0.2063,0.71,0.198
model-1592346426,1592346803.548,0.71,0.1827,0.63,0.2288
model-1592346426,1592346805.06,0.65,0.2098,0.7,0.1867
model-1592346426,1592346806.43,0.67,0.2029,0.73,0.1861
model-1592346426,1592346807.733,0.71,0.1852,0.74,0.1725
model-1592346426,1592346809.114,0.68,0.2052,0.73,0.2067
model-1592346426,1592346810.458,0.78,0.1805,0.59,0.238
model-1592346426,1592346811.762,0.71,0.1924,0.7,0.2055
model-1592346426,1592346813.113,0.7,0.2025,0.66,0.2284
model-1592346426,1592346814.441,0.72,0.1946,0.7,0.1877
model-1592346426,1592346815.722,0.68,0.201,0.66,0.2113
model-1592346426,1592346817.068,0.71,0.1945,0.7,0.1804
model-1592346426,1592346818.424,0.62,0.2156,0.69,0.1993
model-1592346426,1592346820.053,0.65,0.2145,0.7,0.1795
model-1592346426,1592346821.436,0.67,0.2053,0.67,0.2135
model-1592346426,1592346822.738,0.62,0.2143,0.69,0.1934
model-1592346426,1592346824.12,0.73,0.1906,0.67,0.1939
model-1592346426,1592346825.392,0.73,0.1773,0.66,0.2206
model-1592346426,1592346826.698,0.7,0.1981,0.72,0.1787
model-1592346426,1592346828.042,0.71,0.2134,0.72,0.1885
model-1592346426,1592346829.608,0.71,0.1727,0.66,0.2058
model-1592346426,1592346831.106,0.71,0.2079,0.64,0.2155
model-1592346426,1592346832.539,0.67,0.2057,0.64,0.213
model-1592346426,1592346833.903,0.63,0.2164,0.7,0.1996
model-1592346426,1592346835.345,0.75,0.1784,0.7,0.2001
model-1592346426,1592346836.892,0.72,0.1848,0.76,0.179
model-1592346426,1592346838.208,0.67,0.2078,0.67,0.2063
model-1592346426,1592346839.535,0.59,0.2247,0.65,0.2014
model-1592346426,1592346840.89,0.68,0.1883,0.71,0.1867
model-1592346426,1592346842.229,0.75,0.1713,0.69,0.2159
model-1592346426,1592346843.578,0.66,0.196,0.64,0.2253
model-1592346426,1592346844.907,0.7,0.2016,0.67,0.2069
model-1592346426,1592346846.219,0.64,0.2236,0.7,0.1908
model-1592346426,1592346847.53,0.63,0.2166,0.77,0.162
model-1592346426,1592346848.86,0.69,0.1918,0.65,0.2182
model-1592346426,1592346850.178,0.66,0.2012,0.71,0.1979
model-1592346426,1592346851.707,0.77,0.1713,0.67,0.1918
model-1592346426,1592346853.144,0.71,0.2002,0.7,0.2047
model-1592346426,1592346854.431,0.68,0.1957,0.67,0.1971
model-1592346426,1592346855.807,0.63,0.2204,0.72,0.1717
model-1592346426,1592346857.162,0.72,0.1881,0.66,0.2238
model-1592346426,1592346858.462,0.67,0.1986,0.66,0.2348
model-1592346426,1592346859.821,0.63,0.2348,0.73,0.1926
model-1592346426,1592346861.184,0.64,0.2159,0.68,0.212
model-1592346426,1592346862.546,0.71,0.1969,0.66,0.204
model-1592346426,1592346863.896,0.74,0.1969,0.73,0.1969
model-1592346426,1592346865.237,0.66,0.211,0.6,0.222
model-1592346426,1592346866.621,0.72,0.1995,0.74,0.1963
model-1592346426,1592346868.255,0.73,0.1888,0.58,0.2407
model-1592346426,1592346869.647,0.69,0.2131,0.63,0.23
model-1592346426,1592346871.001,0.76,0.1943,0.71,0.1972
model-1592346426,1592346872.288,0.73,0.1914,0.69,0.1873
model-1592346426,1592346873.614,0.69,0.2027,0.65,0.2254
model-1592346426,1592346874.91,0.67,0.2072,0.72,0.1972
model-1592346426,1592346876.238,0.64,0.2153,0.64,0.2109
model-1592346426,1592346877.563,0.7,0.1862,0.66,0.2076
model-1592346426,1592346878.947,0.72,0.1901,0.6,0.2042
model-1592346426,1592346880.238,0.63,0.2073,0.71,0.1907
model-1592346426,1592346881.56,0.68,0.198,0.66,0.207
model-1592346426,1592346882.959,0.73,0.1843,0.67,0.2039
model-1592346426,1592346884.553,0.72,0.1822,0.72,0.1814
model-1592346426,1592346885.863,0.71,0.1842,0.72,0.1924
model-1592346426,1592346887.179,0.72,0.1796,0.74,0.1879
model-1592346426,1592346888.454,0.68,0.2168,0.73,0.1907
model-1592346426,1592346889.761,0.68,0.1989,0.69,0.2129
model-1592346426,1592346891.124,0.76,0.1844,0.69,0.1989
model-1592346426,1592346892.476,0.68,0.1894,0.65,0.2088
model-1592346426,1592346893.838,0.71,0.1818,0.73,0.1754
model-1592346426,1592346895.177,0.71,0.1743,0.72,0.181
model-1592346426,1592346896.507,0.76,0.1613,0.63,0.2059
model-1592346426,1592346897.852,0.71,0.1812,0.67,0.2203
model-1592346426,1592346899.394,0.66,0.2102,0.67,0.2273
model-1592346426,1592346901.021,0.75,0.1685,0.76,0.1499
model-1592346426,1592346902.347,0.74,0.1756,0.67,0.2207
model-1592346426,1592346903.649,0.73,0.1904,0.73,0.1772
model-1592346426,1592346904.987,0.65,0.2192,0.75,0.1789
model-1592346426,1592346906.312,0.69,0.1862,0.63,0.2304
model-1592346426,1592346907.677,0.68,0.1736,0.77,0.167
model-1592346426,1592346908.978,0.77,0.1523,0.75,0.182
model-1592346426,1592346910.277,0.74,0.1714,0.6,0.2429
model-1592346426,1592346911.581,0.68,0.2215,0.59,0.2316
model-1592346426,1592346912.919,0.73,0.2164,0.67,0.2123
model-1592346426,1592346914.22,0.67,0.1917,0.67,0.1827
model-1592346426,1592346915.767,0.75,0.1813,0.73,0.1935
model-1592346426,1592346917.293,0.71,0.1813,0.72,0.1886
model-1592346426,1592346918.64,0.74,0.1845,0.71,0.18
model-1592346426,1592346920.006,0.75,0.1662,0.69,0.2034
model-1592346426,1592346921.347,0.72,0.1932,0.71,0.181
model-1592346426,1592346922.705,0.73,0.179,0.72,0.193
model-1592346426,1592346924.171,0.68,0.2236,0.66,0.2127
model-1592346426,1592346925.541,0.7,0.2031,0.75,0.1774
model-1592346426,1592346926.88,0.77,0.1608,0.71,0.2137
model-1592346426,1592346928.179,0.74,0.1763,0.7,0.1815
model-1592346426,1592346929.521,0.73,0.1803,0.76,0.1687
model-1592346426,1592346930.97,0.79,0.1595,0.73,0.1904
model-1592346426,1592346932.544,0.73,0.1856,0.72,0.1935
model-1592346426,1592346933.873,0.74,0.1748,0.63,0.2135
model-1592346426,1592346935.256,0.63,0.2195,0.75,0.1562
model-1592346426,1592346936.608,0.61,0.2289,0.63,0.209
model-1592346426,1592346937.923,0.78,0.1811,0.65,0.2151
model-1592346426,1592346939.315,0.75,0.165,0.68,0.1932
model-1592346426,1592346940.645,0.79,0.1644,0.75,0.1761
model-1592346426,1592346941.965,0.74,0.1839,0.66,0.1966
model-1592346426,1592346943.262,0.73,0.1818,0.75,0.1813
model-1592346426,1592346944.631,0.75,0.1828,0.69,0.2202
model-1592346426,1592346946.042,0.64,0.2229,0.72,0.1599
model-1592346426,1592346947.495,0.75,0.173,0.61,0.2474
model-1592346426,1592346949.015,0.73,0.1763,0.68,0.2178
model-1592346426,1592346950.323,0.63,0.2512,0.74,0.1849
model-1592346426,1592346951.671,0.74,0.1716,0.71,0.1842
model-1592346426,1592346953.004,0.78,0.1883,0.77,0.1523
model-1592346426,1592346954.328,0.68,0.1978,0.71,0.1795
model-1592346426,1592346955.637,0.75,0.1913,0.73,0.1908
model-1592346426,1592346956.99,0.74,0.1565,0.66,0.2111
model-1592346426,1592346958.303,0.75,0.1672,0.66,0.2181
model-1592346426,1592346959.617,0.71,0.1973,0.7,0.193
model-1592346426,1592346960.952,0.72,0.1987,0.73,0.1963
model-1592346426,1592346962.283,0.66,0.2056,0.74,0.1697
model-1592346426,1592346963.84,0.65,0.1967,0.68,0.1999
model-1592346426,1592346965.292,0.66,0.2063,0.75,0.1726
model-1592346426,1592346966.56,0.64,0.2052,0.71,0.1793
model-1592346426,1592346967.894,0.78,0.1568,0.64,0.211
model-1592346426,1592346969.313,0.73,0.1801,0.73,0.1906
model-1592346426,1592346970.767,0.73,0.1977,0.75,0.1596
model-1592346426,1592346972.054,0.72,0.1876,0.68,0.1783
model-1592346426,1592346973.401,0.82,0.1572,0.73,0.165
model-1592346426,1592346974.777,0.67,0.2007,0.76,0.1857
model-1592346426,1592346976.222,0.7,0.1952,0.75,0.1856
model-1592346426,1592346978.194,0.81,0.1636,0.7,0.1895
model-1592346426,1592346980.568,0.76,0.1784,0.8,0.166
model-1592346426,1592346982.211,0.77,0.1667,0.8,0.1722
model-1592346426,1592346983.498,0.77,0.1825,0.73,0.194
model-1592346426,1592346984.803,0.69,0.1878,0.76,0.1784
model-1592346426,1592346986.149,0.7,0.2013,0.72,0.1837
model-1592346426,1592346987.444,0.83,0.1368,0.69,0.1995
model-1592346426,1592346988.762,0.78,0.158,0.73,0.1802
model-1592346426,1592346990.305,0.64,0.2103,0.71,0.1975
model-1592346426,1592346991.645,0.62,0.234,0.77,0.1713
model-1592346426,1592346992.949,0.75,0.1672,0.75,0.1862
model-1592346426,1592346994.267,0.68,0.1944,0.7,0.1806
model-1592346426,1592346995.848,0.8,0.1477,0.67,0.1802
model-1592346426,1592346997.24,0.72,0.1836,0.72,0.1806
model-1592346426,1592346998.593,0.77,0.1874,0.7,0.1973
model-1592346426,1592347000.009,0.7,0.1705,0.72,0.1901
model-1592346426,1592347001.359,0.7,0.1863,0.73,0.1949
model-1592346426,1592347002.67,0.7,0.1979,0.76,0.1686
model-1592346426,1592347003.966,0.77,0.1621,0.64,0.2298
model-1592346426,1592347005.312,0.7,0.1979,0.76,0.1556
model-1592346426,1592347006.626,0.75,0.1727,0.69,0.183
model-1592346426,1592347007.944,0.79,0.1649,0.75,0.1894
model-1592346426,1592347009.302,0.76,0.1664,0.68,0.2053
model-1592346426,1592347010.652,0.66,0.2257,0.7,0.1895
model-1592346426,1592347012.262,0.74,0.1697,0.75,0.1728
model-1592346426,1592347013.617,0.69,0.1985,0.71,0.2004
model-1592346426,1592347014.969,0.72,0.1738,0.71,0.192
model-1592346426,1592347016.318,0.72,0.1783,0.71,0.1884
model-1592346426,1592347017.682,0.73,0.189,0.73,0.1735
model-1592346426,1592347018.962,0.75,0.1779,0.72,0.1841
model-1592346426,1592347020.232,0.7,0.1886,0.74,0.181
model-1592346426,1592347021.512,0.72,0.1784,0.71,0.1812
model-1592346426,1592347022.869,0.7,0.2031,0.83,0.1523
model-1592346426,1592347024.224,0.69,0.1857,0.74,0.185
model-1592346426,1592347025.518,0.75,0.1914,0.7,0.203
model-1592346426,1592347026.893,0.8,0.1602,0.76,0.1752
model-1592346426,1592347028.522,0.73,0.1906,0.68,0.2014
model-1592346426,1592347029.823,0.69,0.193,0.8,0.1538
model-1592346426,1592347031.157,0.73,0.1773,0.7,0.178
model-1592346426,1592347032.482,0.75,0.1769,0.71,0.1915
model-1592346426,1592347033.84,0.71,0.1884,0.68,0.1942
model-1592346426,1592347035.224,0.76,0.1656,0.82,0.1424
model-1592346426,1592347036.583,0.77,0.1524,0.82,0.1391
model-1592346426,1592347037.945,0.72,0.1831,0.72,0.1814
model-1592346426,1592347039.315,0.67,0.1919,0.7,0.1968
model-1592346426,1592347040.65,0.78,0.1505,0.67,0.2002
model-1592346426,1592347042.013,0.76,0.1736,0.73,0.1837
model-1592346426,1592347043.531,0.7,0.188,0.75,0.1867
model-1592346426,1592347045.06,0.75,0.1705,0.75,0.1437
model-1592346426,1592347046.396,0.68,0.1896,0.68,0.2127
model-1592346426,1592347047.726,0.76,0.1627,0.73,0.1903
model-1592346426,1592347049.066,0.79,0.1584,0.76,0.1639
model-1592346426,1592347050.397,0.71,0.1815,0.77,0.1737
model-1592346426,1592347051.747,0.71,0.1815,0.69,0.1991
model-1592346426,1592347053.164,0.74,0.171,0.73,0.1734
model-1592346426,1592347054.514,0.71,0.1965,0.77,0.1527
model-1592346426,1592347055.847,0.8,0.1656,0.76,0.1678
model-1592346426,1592347057.22,0.79,0.1508,0.74,0.1678
model-1592346426,1592347058.594,0.77,0.187,0.66,0.2209
model-1592346426,1592347060.186,0.69,0.2176,0.76,0.1558
model-1592346426,1592347061.628,0.72,0.1927,0.73,0.1809
model-1592346426,1592347062.487,0.71,0.1732,0.71,0.2048
model-1592346426,1592347063.939,0.68,0.2303,0.65,0.227
model-1592346426,1592347065.256,0.64,0.2311,0.61,0.2255
model-1592346426,1592347066.59,0.62,0.2406,0.73,0.1888
model-1592346426,1592347067.877,0.77,0.1619,0.69,0.1756
model-1592346426,1592347069.378,0.71,0.1664,0.72,0.1955
model-1592346426,1592347070.871,0.76,0.169,0.61,0.2221
model-1592346426,1592347072.373,0.61,0.2364,0.65,0.2268
model-1592346426,1592347073.785,0.71,0.1992,0.68,0.2162
model-1592346426,1592347075.261,0.82,0.1431,0.75,0.191
model-1592346426,1592347076.785,0.78,0.1805,0.72,0.2002
model-1592346426,1592347078.162,0.72,0.1826,0.62,0.2268
model-1592346426,1592347079.472,0.64,0.2219,0.66,0.2299
model-1592346426,1592347080.764,0.64,0.2204,0.64,0.2011
model-1592346426,1592347082.098,0.73,0.176,0.63,0.2161
model-1592346426,1592347083.513,0.71,0.1778,0.76,0.1667
model-1592346426,1592347084.838,0.76,0.1633,0.6,0.2144
model-1592346426,1592347086.128,0.75,0.1877,0.68,0.1802
model-1592346426,1592347087.459,0.79,0.1733,0.73,0.1802
model-1592346426,1592347088.795,0.69,0.2083,0.77,0.1692
model-1592346426,1592347090.117,0.69,0.2094,0.73,0.1873
model-1592346426,1592347091.635,0.84,0.1434,0.78,0.1611
model-1592346426,1592347093.087,0.73,0.191,0.79,0.1716
model-1592346426,1592347094.389,0.79,0.1652,0.7,0.187
model-1592346426,1592347095.711,0.83,0.1509,0.74,0.1801
model-1592346426,1592347097.035,0.72,0.1806,0.81,0.1423
model-1592346426,1592347098.396,0.83,0.1438,0.79,0.1812
model-1592346426,1592347099.796,0.74,0.1776,0.69,0.197
model-1592346426,1592347101.135,0.71,0.1879,0.75,0.1766
model-1592346426,1592347102.47,0.75,0.1855,0.76,0.1656
model-1592346426,1592347103.832,0.73,0.1864,0.72,0.1868
model-1592346426,1592347105.114,0.72,0.1648,0.71,0.2045
model-1592346426,1592347106.425,0.79,0.1558,0.73,0.1873
model-1592346426,1592347108.096,0.73,0.185,0.77,0.1584
model-1592346426,1592347109.463,0.78,0.1546,0.68,0.2019
model-1592346426,1592347110.777,0.75,0.1617,0.68,0.2028
model-1592346426,1592347112.127,0.73,0.1785,0.72,0.1844
model-1592346426,1592347113.489,0.73,0.1765,0.74,0.174
model-1592346426,1592347114.808,0.73,0.1825,0.8,0.1498
model-1592346426,1592347116.142,0.73,0.1773,0.77,0.167
model-1592346426,1592347117.417,0.72,0.1779,0.76,0.1431
model-1592346426,1592347118.823,0.77,0.1642,0.75,0.1699
model-1592346426,1592347120.171,0.79,0.1614,0.77,0.154
model-1592346426,1592347121.477,0.75,0.1616,0.76,0.171
model-1592346426,1592347122.959,0.79,0.1236,0.74,0.1682
model-1592346426,1592347124.574,0.74,0.1725,0.81,0.1579
model-1592346426,1592347125.911,0.76,0.1608,0.79,0.1719
model-1592346426,1592347127.282,0.82,0.1265,0.81,0.1463
model-1592346426,1592347128.643,0.75,0.1708,0.71,0.1857
model-1592346426,1592347129.982,0.76,0.1788,0.77,0.1474
model-1592346426,1592347131.269,0.71,0.164,0.71,0.1837
model-1592346426,1592347132.632,0.77,0.1587,0.75,0.1917
model-1592346426,1592347133.928,0.71,0.1796,0.74,0.1765
model-1592346426,1592347135.265,0.78,0.1464,0.76,0.1667
model-1592346426,1592347136.644,0.76,0.1635,0.7,0.1792
model-1592346426,1592347137.981,0.72,0.1882,0.78,0.1436
model-1592346426,1592347139.439,0.79,0.1405,0.8,0.1579
model-1592346426,1592347140.997,0.68,0.202,0.67,0.2087
model-1592346426,1592347142.304,0.78,0.1603,0.69,0.1857
model-1592346426,1592347143.612,0.75,0.1717,0.71,0.1678
model-1592346426,1592347145.027,0.74,0.169,0.77,0.1602
model-1592346426,1592347146.362,0.78,0.1599,0.78,0.1565
model-1592346426,1592347147.636,0.82,0.1417,0.86,0.1304
model-1592346426,1592347148.942,0.69,0.1963,0.72,0.1737
model-1592346426,1592347150.263,0.75,0.1573,0.69,0.1973
model-1592346426,1592347151.631,0.81,0.1405,0.8,0.1547
model-1592346426,1592347153.039,0.76,0.1572,0.76,0.1599
model-1592346426,1592347154.391,0.72,0.1732,0.72,0.1777
model-1592346426,1592347156.021,0.68,0.2068,0.7,0.1802
model-1592346426,1592347157.4,0.75,0.172,0.75,0.1634
model-1592346426,1592347158.749,0.8,0.1484,0.75,0.1642
model-1592346426,1592347160.127,0.78,0.1537,0.75,0.1654
model-1592346426,1592347161.411,0.84,0.1245,0.71,0.1772
model-1592346426,1592347162.722,0.74,0.1648,0.72,0.1928
model-1592346426,1592347164.069,0.74,0.1732,0.69,0.1827
model-1592346426,1592347165.456,0.74,0.1758,0.73,0.1773
model-1592346426,1592347166.792,0.79,0.1419,0.67,0.2281
model-1592346426,1592347168.114,0.78,0.1464,0.69,0.2048
model-1592346426,1592347169.459,0.7,0.2285,0.78,0.1546
model-1592346426,1592347170.896,0.68,0.2027,0.71,0.1849
model-1592346426,1592347172.496,0.8,0.1402,0.81,0.1192
model-1592346426,1592347173.811,0.75,0.1694,0.71,0.1842
model-1592346426,1592347175.115,0.75,0.1632,0.7,0.1948
model-1592346426,1592347176.428,0.77,0.1525,0.7,0.1956
model-1592346426,1592347177.766,0.79,0.147,0.81,0.1479
model-1592346426,1592347179.127,0.74,0.1886,0.72,0.1865
model-1592346426,1592347180.433,0.78,0.1552,0.76,0.1652
model-1592346426,1592347181.755,0.77,0.1523,0.76,0.1541
model-1592346426,1592347183.06,0.8,0.145,0.78,0.1724
model-1592346426,1592347184.424,0.73,0.1742,0.68,0.2028
model-1592346426,1592347185.738,0.72,0.1892,0.73,0.176
model-1592346426,1592347187.179,0.73,0.172,0.68,0.1954
model-1592346426,1592347188.705,0.74,0.1834,0.77,0.1662
model-1592346426,1592347190.095,0.74,0.1753,0.75,0.1612
model-1592346426,1592347191.459,0.82,0.1325,0.73,0.1805
model-1592346426,1592347192.828,0.75,0.1675,0.81,0.1305
model-1592346426,1592347194.132,0.82,0.1278,0.79,0.1721
model-1592346426,1592347195.441,0.8,0.1341,0.73,0.1679
model-1592346426,1592347196.792,0.83,0.1297,0.69,0.193
model-1592346426,1592347198.179,0.74,0.1633,0.64,0.2431
model-1592346426,1592347199.505,0.67,0.2015,0.7,0.2062
model-1592346426,1592347200.833,0.78,0.1659,0.68,0.2163
model-1592346426,1592347202.152,0.73,0.1653,0.69,0.1856
model-1592346426,1592347203.662,0.74,0.1535,0.81,0.1297
model-1592346426,1592347205.128,0.84,0.1497,0.8,0.1434
model-1592346426,1592347206.46,0.74,0.1546,0.68,0.208
model-1592346426,1592347207.816,0.81,0.1458,0.71,0.1852
model-1592346426,1592347209.148,0.73,0.1844,0.74,0.1696
model-1592346426,1592347210.492,0.81,0.1552,0.75,0.1807
model-1592346426,1592347211.833,0.76,0.1603,0.68,0.1904
model-1592346426,1592347213.171,0.74,0.1775,0.7,0.1874
model-1592346426,1592347214.49,0.77,0.1423,0.71,0.1926
model-1592346426,1592347215.818,0.8,0.1526,0.73,0.1699
model-1592346426,1592347217.288,0.8,0.1407,0.62,0.2116
model-1592346426,1592347218.729,0.81,0.1451,0.75,0.1631
model-1592346426,1592347220.538,0.8,0.1327,0.74,0.1764
model-1592346426,1592347221.866,0.71,0.2097,0.68,0.197
model-1592346426,1592347223.234,0.74,0.1788,0.78,0.1554
model-1592346426,1592347224.605,0.77,0.1509,0.71,0.1933
model-1592346426,1592347225.958,0.78,0.1432,0.75,0.1709
model-1592346426,1592347227.29,0.78,0.1374,0.78,0.1678
model-1592346426,1592347228.597,0.87,0.1209,0.73,0.1831
model-1592346426,1592347229.939,0.79,0.1442,0.71,0.1915
model-1592346426,1592347231.267,0.75,0.1591,0.77,0.1588
model-1592346426,1592347232.609,0.82,0.1388,0.83,0.1421
model-1592346426,1592347233.97,0.7,0.1749,0.77,0.1752
model-1592346426,1592347235.496,0.78,0.16,0.72,0.194
model-1592346426,1592347236.983,0.85,0.1114,0.75,0.1658
model-1592346426,1592347238.328,0.74,0.1606,0.73,0.1796
model-1592346426,1592347239.701,0.87,0.1263,0.65,0.2281
model-1592346426,1592347241.08,0.78,0.1398,0.72,0.1996
model-1592346426,1592347242.416,0.8,0.1506,0.76,0.1731
model-1592346426,1592347243.762,0.75,0.1452,0.74,0.1703
model-1592346426,1592347245.126,0.7,0.2006,0.79,0.1297
model-1592346426,1592347246.446,0.69,0.2128,0.75,0.1721
model-1592346426,1592347247.788,0.79,0.1526,0.76,0.1709
model-1592346426,1592347249.162,0.86,0.1178,0.75,0.1809
model-1592346426,1592347250.487,0.74,0.1512,0.77,0.1591
model-1592346426,1592347252.102,0.77,0.159,0.77,0.1551
model-1592346426,1592347253.473,0.76,0.1704,0.7,0.1959
model-1592346426,1592347254.773,0.86,0.1365,0.83,0.1379
model-1592346426,1592347256.157,0.7,0.1903,0.71,0.1766
model-1592346426,1592347257.505,0.78,0.1469,0.78,0.1443
model-1592346426,1592347258.813,0.79,0.1511,0.78,0.1739
model-1592346426,1592347260.135,0.71,0.1926,0.8,0.1507
model-1592346426,1592347261.469,0.82,0.13,0.76,0.1612
model-1592346426,1592347262.861,0.76,0.1809,0.74,0.1683
model-1592346426,1592347264.188,0.7,0.1873,0.78,0.148
model-1592346426,1592347265.478,0.74,0.1653,0.79,0.1329
model-1592346426,1592347266.868,0.82,0.1391,0.76,0.154
model-1592346426,1592347268.512,0.82,0.1228,0.83,0.14
model-1592346426,1592347269.809,0.73,0.1844,0.72,0.1702
model-1592346426,1592347271.092,0.75,0.1715,0.75,0.1759
model-1592346426,1592347272.399,0.75,0.1662,0.75,0.188
model-1592346426,1592347273.707,0.79,0.157,0.73,0.1686
model-1592346426,1592347275.066,0.75,0.179,0.69,0.1994
model-1592346426,1592347276.394,0.69,0.1962,0.74,0.1661
model-1592346426,1592347277.728,0.83,0.1347,0.78,0.1784
model-1592346426,1592347279.112,0.82,0.143,0.73,0.1876
model-1592346426,1592347280.426,0.73,0.1644,0.71,0.1907
model-1592346426,1592347281.745,0.78,0.1656,0.75,0.1633
model-1592346426,1592347283.157,0.84,0.1137,0.73,0.1876
model-1592346426,1592347284.756,0.74,0.1716,0.72,0.1714
model-1592346426,1592347286.08,0.71,0.1769,0.82,0.1542
model-1592346426,1592347287.374,0.77,0.1466,0.8,0.1453
model-1592346426,1592347288.737,0.77,0.151,0.79,0.1611
model-1592346426,1592347290.135,0.83,0.1353,0.77,0.1575
model-1592346426,1592347291.478,0.75,0.1768,0.73,0.188
model-1592346426,1592347292.799,0.78,0.16,0.73,0.1706
model-1592346426,1592347294.145,0.73,0.1788,0.73,0.1948
model-1592346426,1592347295.458,0.85,0.1225,0.77,0.1701
model-1592346426,1592347296.832,0.79,0.1359,0.81,0.1397
model-1592346426,1592347298.126,0.75,0.1739,0.63,0.2185
model-1592346426,1592347299.655,0.64,0.2173,0.71,0.1857
model-1592346426,1592347301.171,0.79,0.1344,0.78,0.1666
model-1592346426,1592347302.515,0.71,0.1757,0.71,0.1908
model-1592346426,1592347303.818,0.75,0.1413,0.77,0.158
model-1592346426,1592347305.221,0.77,0.1567,0.69,0.2137
model-1592346426,1592347306.498,0.77,0.1635,0.75,0.1912
model-1592346426,1592347307.816,0.73,0.1552,0.69,0.1907
model-1592346426,1592347309.13,0.73,0.1746,0.74,0.196
model-1592346426,1592347310.47,0.71,0.1774,0.79,0.1521
model-1592346426,1592347311.83,0.8,0.1495,0.74,0.1802
model-1592346426,1592347313.179,0.74,0.1718,0.81,0.1482
model-1592346426,1592347314.483,0.78,0.1497,0.79,0.1411
model-1592346426,1592347316.115,0.83,0.1472,0.81,0.1467
model-1592346426,1592347317.513,0.76,0.1591,0.78,0.1542
model-1592346426,1592347318.869,0.68,0.2066,0.75,0.1688
model-1592346426,1592347320.215,0.79,0.1515,0.75,0.1869
model-1592346426,1592347321.525,0.79,0.1781,0.75,0.1656
model-1592346426,1592347322.862,0.79,0.1473,0.73,0.1762
model-1592346426,1592347324.225,0.77,0.1484,0.78,0.1519
model-1592346426,1592347325.516,0.74,0.172,0.77,0.1857
model-1592346426,1592347326.833,0.78,0.1578,0.75,0.191
model-1592346426,1592347328.163,0.74,0.1757,0.76,0.1756
model-1592346426,1592347329.514,0.78,0.1613,0.8,0.1601
model-1592346426,1592347330.951,0.66,0.1908,0.73,0.1739
model-1592346426,1592347332.55,0.76,0.1558,0.75,0.1679
model-1592346426,1592347333.97,0.76,0.1726,0.71,0.1799
model-1592346426,1592347335.49,0.81,0.1429,0.81,0.1501
model-1592346426,1592347337.095,0.76,0.1545,0.73,0.1824
model-1592346426,1592347338.68,0.74,0.1704,0.78,0.1584
model-1592346426,1592347340.295,0.79,0.1611,0.74,0.167
model-1592346426,1592347341.661,0.78,0.158,0.75,0.1795
model-1592346426,1592347343.007,0.77,0.1578,0.66,0.2141
model-1592346426,1592347344.34,0.78,0.1602,0.8,0.1334
model-1592346426,1592347345.801,0.84,0.134,0.7,0.1991
model-1592346426,1592347347.253,0.71,0.1817,0.73,0.1694
model-1592346426,1592347348.825,0.75,0.1729,0.73,0.1873
model-1592346426,1592347350.151,0.79,0.1494,0.7,0.1825
model-1592346426,1592347351.5,0.79,0.1572,0.74,0.1926
model-1592346426,1592347352.901,0.75,0.1782,0.79,0.1465
model-1592346426,1592347354.205,0.81,0.1466,0.69,0.2041
model-1592346426,1592347355.524,0.77,0.1734,0.75,0.1684
model-1592346426,1592347356.845,0.81,0.1558,0.81,0.1339
model-1592346426,1592347358.177,0.77,0.1451,0.82,0.1295
model-1592346426,1592347359.504,0.75,0.1703,0.73,0.1732
model-1592346426,1592347360.839,0.78,0.1597,0.71,0.1985
model-1592346426,1592347362.158,0.76,0.1677,0.75,0.1806
model-1592346426,1592347363.702,0.71,0.1905,0.77,0.1533
model-1592346426,1592347365.24,0.81,0.1451,0.81,0.1447
model-1592346426,1592347366.56,0.82,0.1382,0.77,0.1584
model-1592346426,1592347367.899,0.76,0.1548,0.79,0.1505
model-1592346426,1592347369.311,0.74,0.172,0.75,0.1894
model-1592346426,1592347370.681,0.75,0.1701,0.72,0.1772
model-1592346426,1592347371.833,0.79,0.1469,0.69,0.1872
model-1592346426,1592347373.384,0.67,0.2067,0.68,0.1996
model-1592346426,1592347374.818,0.75,0.1752,0.72,0.2088
model-1592346426,1592347376.292,0.66,0.2128,0.67,0.1989
model-1592346426,1592347377.629,0.8,0.133,0.7,0.1934
model-1592346426,1592347379.04,0.79,0.1612,0.73,0.1659
model-1592346426,1592347380.688,0.76,0.1565,0.73,0.1785
model-1592346426,1592347381.977,0.67,0.2265,0.63,0.2213
model-1592346426,1592347383.301,0.77,0.1613,0.79,0.155
model-1592346426,1592347384.589,0.79,0.1316,0.78,0.1651
model-1592346426,1592347385.944,0.78,0.1541,0.73,0.1825
model-1592346426,1592347387.243,0.79,0.1516,0.7,0.1968
model-1592346426,1592347388.538,0.69,0.2118,0.7,0.1898
model-1592346426,1592347389.886,0.66,0.2002,0.69,0.1751
model-1592346426,1592347391.221,0.76,0.1546,0.78,0.1431
model-1592346426,1592347392.626,0.79,0.1569,0.76,0.1693
model-1592346426,1592347393.938,0.82,0.1257,0.75,0.1549
model-1592346426,1592347395.463,0.78,0.1667,0.72,0.1933
model-1592346426,1592347396.99,0.76,0.1602,0.8,0.1334
model-1592346426,1592347398.309,0.71,0.1908,0.8,0.1535
model-1592346426,1592347399.621,0.68,0.2008,0.69,0.1902
model-1592346426,1592347400.985,0.83,0.1246,0.65,0.1884
model-1592346426,1592347402.314,0.74,0.1691,0.71,0.1771
model-1592346426,1592347403.618,0.82,0.1416,0.68,0.2017
model-1592346426,1592347404.982,0.86,0.1291,0.77,0.1621
model-1592346426,1592347406.278,0.71,0.1889,0.73,0.1789
model-1592346426,1592347407.653,0.85,0.1153,0.72,0.1832
model-1592346426,1592347409.002,0.72,0.1683,0.82,0.134
model-1592346426,1592347410.321,0.79,0.1673,0.8,0.1424
model-1592346426,1592347411.86,0.81,0.152,0.75,0.169
model-1592346426,1592347413.357,0.78,0.1647,0.8,0.1323
model-1592346426,1592347414.685,0.77,0.1443,0.79,0.1445
model-1592346426,1592347416.078,0.87,0.118,0.81,0.1348
model-1592346426,1592347417.428,0.78,0.1509,0.73,0.1577
model-1592346426,1592347418.797,0.83,0.137,0.74,0.1701
model-1592346426,1592347420.113,0.85,0.1373,0.77,0.1501
model-1592346426,1592347421.457,0.77,0.1627,0.69,0.1908
model-1592346426,1592347422.798,0.84,0.1308,0.72,0.1768
model-1592346426,1592347424.089,0.78,0.1553,0.72,0.2011
model-1592346426,1592347425.451,0.75,0.1668,0.86,0.1163
model-1592346426,1592347426.831,0.76,0.1548,0.85,0.1154
model-1592346426,1592347428.449,0.79,0.1399,0.79,0.1516
model-1592346426,1592347429.837,0.81,0.1491,0.66,0.2244
model-1592346426,1592347431.173,0.83,0.1447,0.79,0.1585
model-1592346426,1592347432.501,0.85,0.1011,0.73,0.1733
model-1592346426,1592347433.841,0.74,0.1543,0.74,0.1773
model-1592346426,1592347435.144,0.81,0.1287,0.8,0.1357
model-1592346426,1592347436.472,0.89,0.1049,0.82,0.1401
model-1592346426,1592347437.791,0.77,0.1493,0.7,0.1927
model-1592346426,1592347439.11,0.79,0.1672,0.83,0.1489
model-1592346426,1592347440.498,0.82,0.1241,0.76,0.1901
model-1592346426,1592347441.834,0.82,0.1261,0.69,0.2205
model-1592346426,1592347443.413,0.74,0.1608,0.87,0.103
model-1592346426,1592347444.957,0.81,0.1365,0.76,0.166
model-1592346426,1592347446.336,0.79,0.1485,0.74,0.1718
model-1592346426,1592347447.683,0.76,0.1667,0.86,0.1097
model-1592346426,1592347448.987,0.83,0.1232,0.82,0.1278
model-1592346426,1592347450.329,0.68,0.1943,0.73,0.1804
model-1592346426,1592347451.707,0.8,0.1423,0.76,0.1743
model-1592346426,1592347453.052,0.8,0.1374,0.82,0.144
model-1592346426,1592347454.597,0.81,0.1601,0.81,0.1407
model-1592346426,1592347455.986,0.8,0.1428,0.81,0.1525
model-1592346426,1592347457.305,0.87,0.1127,0.74,0.1703
model-1592346426,1592347458.609,0.74,0.1746,0.76,0.1715
model-1592346426,1592347460.227,0.83,0.1392,0.8,0.1276
model-1592346426,1592347461.661,0.84,0.1215,0.79,0.1514
model-1592346426,1592347462.95,0.79,0.1298,0.76,0.1577
model-1592346426,1592347464.27,0.81,0.1411,0.75,0.1719
model-1592346426,1592347465.662,0.76,0.1607,0.74,0.1704
model-1592346426,1592347466.959,0.79,0.1424,0.78,0.1814
model-1592346426,1592347468.268,0.81,0.1377,0.75,0.1738
model-1592346426,1592347469.597,0.79,0.1378,0.73,0.1756
model-1592346426,1592347470.957,0.86,0.1115,0.73,0.1774
model-1592346426,1592347472.294,0.78,0.156,0.76,0.1623
model-1592346426,1592347473.619,0.8,0.1473,0.77,0.1539
model-1592346426,1592347475.076,0.81,0.1475,0.73,0.1991
model-1592346426,1592347476.624,0.83,0.1187,0.74,0.1955
model-1592346426,1592347477.982,0.81,0.1218,0.76,0.1736
model-1592346426,1592347479.296,0.76,0.1828,0.75,0.1812
model-1592346426,1592347480.621,0.74,0.1692,0.74,0.1801
model-1592346426,1592347481.99,0.81,0.1248,0.81,0.144
model-1592346426,1592347483.344,0.82,0.1494,0.82,0.1452
model-1592346426,1592347484.678,0.76,0.1551,0.76,0.1788
model-1592346426,1592347485.972,0.78,0.1367,0.78,0.1701
model-1592346426,1592347487.332,0.83,0.1269,0.76,0.1808
model-1592346426,1592347488.696,0.78,0.1717,0.77,0.1422
model-1592346426,1592347490.006,0.82,0.1415,0.77,0.1763
model-1592346426,1592347491.442,0.82,0.1322,0.78,0.1671
model-1592346426,1592347492.987,0.79,0.1426,0.66,0.2046
model-1592346426,1592347494.406,0.79,0.1548,0.75,0.1768
model-1592346426,1592347495.793,0.75,0.1853,0.76,0.1587
model-1592346426,1592347497.15,0.74,0.1546,0.79,0.1517
model-1592346426,1592347498.423,0.78,0.1544,0.78,0.1615
model-1592346426,1592347499.719,0.78,0.1516,0.76,0.1678
model-1592346426,1592347501.02,0.86,0.1147,0.81,0.1411
model-1592346426,1592347502.396,0.82,0.1304,0.73,0.1782
model-1592346426,1592347503.864,0.86,0.107,0.78,0.156
model-1592346426,1592347505.293,0.82,0.118,0.73,0.1658
model-1592346426,1592347506.709,0.87,0.1035,0.74,0.1843
model-1592346426,1592347508.349,0.79,0.1483,0.67,0.2189
model-1592346426,1592347509.776,0.7,0.1966,0.7,0.2128
model-1592346426,1592347511.117,0.84,0.1554,0.79,0.1445
model-1592346426,1592347512.452,0.78,0.1494,0.77,0.1675
model-1592346426,1592347513.805,0.8,0.1324,0.79,0.1573
model-1592346426,1592347515.128,0.81,0.1295,0.78,0.1511
model-1592346426,1592347516.462,0.75,0.1486,0.64,0.2222
model-1592346426,1592347517.791,0.78,0.158,0.73,0.1714
model-1592346426,1592347519.145,0.77,0.1587,0.69,0.1916
model-1592346426,1592347520.453,0.8,0.1411,0.65,0.2198
model-1592346426,1592347521.78,0.75,0.1575,0.81,0.1391
model-1592346426,1592347523.28,0.77,0.1684,0.73,0.1852
model-1592346426,1592347524.912,0.81,0.1167,0.67,0.1772
model-1592346426,1592347526.218,0.82,0.1383,0.69,0.1797
model-1592346426,1592347527.544,0.8,0.1377,0.76,0.1654
model-1592346426,1592347528.903,0.79,0.1405,0.83,0.1463
model-1592346426,1592347530.22,0.85,0.1067,0.79,0.1847
model-1592346426,1592347531.541,0.75,0.1802,0.88,0.1076
model-1592346426,1592347532.877,0.73,0.163,0.79,0.1792
model-1592346426,1592347534.29,0.83,0.1194,0.8,0.1314
model-1592346426,1592347535.619,0.84,0.1282,0.72,0.1763
model-1592346426,1592347536.979,0.82,0.1272,0.69,0.2023
model-1592346426,1592347538.371,0.89,0.1045,0.73,0.164
model-1592346426,1592347539.947,0.83,0.1222,0.84,0.1237
model-1592346426,1592347541.363,0.79,0.1474,0.74,0.1724
model-1592346426,1592347542.727,0.84,0.1141,0.72,0.1906
model-1592346426,1592347544.091,0.76,0.1516,0.71,0.1888
model-1592346426,1592347545.413,0.79,0.1397,0.81,0.1619
model-1592346426,1592347546.736,0.88,0.0876,0.69,0.1954
model-1592346426,1592347548.062,0.77,0.1548,0.69,0.1851
model-1592346426,1592347549.415,0.89,0.1035,0.78,0.1417
model-1592346426,1592347550.775,0.84,0.1135,0.78,0.1664
model-1592346426,1592347552.15,0.83,0.1315,0.77,0.1685
model-1592346426,1592347553.497,0.83,0.1148,0.76,0.1695
model-1592346426,1592347554.898,0.72,0.1866,0.73,0.1894
model-1592346426,1592347556.523,0.72,0.1957,0.75,0.1863
model-1592346426,1592347557.864,0.81,0.1409,0.76,0.1793
model-1592346426,1592347559.146,0.88,0.1005,0.69,0.1947
model-1592346426,1592347560.562,0.78,0.1433,0.84,0.1252
model-1592346426,1592347561.897,0.8,0.1473,0.77,0.153
model-1592346426,1592347563.215,0.76,0.1572,0.78,0.1622
model-1592346426,1592347564.544,0.86,0.1153,0.76,0.166
model-1592346426,1592347565.893,0.71,0.1694,0.8,0.1395
model-1592346426,1592347567.258,0.79,0.14,0.79,0.1447
model-1592346426,1592347568.6,0.84,0.1242,0.8,0.1362
model-1592346426,1592347569.902,0.77,0.1562,0.72,0.1764
model-1592346426,1592347571.413,0.84,0.1194,0.76,0.1582
model-1592346426,1592347572.918,0.78,0.1528,0.74,0.1743
model-1592346426,1592347574.259,0.77,0.1597,0.8,0.1553
model-1592346426,1592347575.591,0.84,0.128,0.84,0.1305
model-1592346426,1592347576.893,0.84,0.125,0.72,0.1915
model-1592346426,1592347578.21,0.86,0.1032,0.81,0.1425
model-1592346426,1592347579.615,0.76,0.1738,0.73,0.166
model-1592346426,1592347580.965,0.81,0.1531,0.76,0.1457
model-1592346426,1592347582.289,0.79,0.1482,0.74,0.1707
model-1592346426,1592347583.662,0.79,0.1432,0.8,0.1526
model-1592346426,1592347585.068,0.8,0.1557,0.74,0.1653
model-1592346426,1592347586.389,0.75,0.1725,0.79,0.1442
model-1592346426,1592347587.968,0.85,0.1121,0.67,0.2168
model-1592346426,1592347589.451,0.85,0.1127,0.77,0.1615
model-1592346426,1592347590.76,0.78,0.1512,0.74,0.1597
model-1592346426,1592347592.12,0.77,0.1599,0.83,0.1228
model-1592346426,1592347593.472,0.9,0.0939,0.72,0.17
model-1592346426,1592347594.86,0.77,0.1537,0.73,0.1664
model-1592346426,1592347596.167,0.79,0.1484,0.8,0.1399
model-1592346426,1592347597.51,0.84,0.1213,0.74,0.1731
model-1592346426,1592347598.884,0.77,0.139,0.76,0.1611
model-1592346426,1592347600.194,0.85,0.1139,0.74,0.1708
model-1592346426,1592347601.543,0.76,0.1617,0.73,0.1732
model-1592346426,1592347602.971,0.84,0.1343,0.82,0.126
model-1592346426,1592347604.549,0.77,0.165,0.74,0.1761
model-1592346426,1592347605.846,0.85,0.1114,0.72,0.1867
model-1592346426,1592347607.185,0.83,0.1158,0.8,0.1596
model-1592346426,1592347608.529,0.79,0.1511,0.68,0.1938
model-1592346426,1592347609.887,0.7,0.1938,0.73,0.1946
model-1592346426,1592347611.242,0.81,0.1239,0.72,0.1812
model-1592346426,1592347612.578,0.8,0.1426,0.75,0.1652
model-1592346426,1592347613.985,0.84,0.113,0.76,0.1756
model-1592346426,1592347615.305,0.8,0.1357,0.73,0.1652
model-1592346426,1592347616.671,0.76,0.1463,0.78,0.1566
model-1592346426,1592347618.015,0.85,0.1219,0.71,0.1833
model-1592346426,1592347619.461,0.74,0.1698,0.73,0.1631
model-1592346426,1592347621.028,0.75,0.1564,0.8,0.1315
model-1592346426,1592347622.327,0.81,0.1361,0.79,0.1698
model-1592346426,1592347623.725,0.75,0.1605,0.82,0.131
model-1592346426,1592347625.077,0.83,0.1213,0.74,0.1885
model-1592346426,1592347626.468,0.84,0.1252,0.78,0.1664
model-1592346426,1592347627.755,0.78,0.1463,0.76,0.1629
model-1592346426,1592347629.107,0.75,0.1856,0.71,0.204
model-1592346426,1592347630.436,0.8,0.1441,0.7,0.1895
model-1592346426,1592347632.562,0.81,0.1675,0.75,0.1762
model-1592346426,1592347634.403,0.8,0.1327,0.8,0.1406
model-1592346426,1592347636.009,0.76,0.1459,0.76,0.1588
model-1592346426,1592347637.434,0.76,0.1559,0.7,0.1945
model-1592346426,1592347638.771,0.82,0.1422,0.77,0.1697
model-1592346426,1592347640.057,0.78,0.1641,0.73,0.1976
model-1592346426,1592347641.452,0.78,0.1688,0.7,0.207
model-1592346426,1592347642.797,0.8,0.1634,0.69,0.1863
model-1592346426,1592347644.171,0.78,0.1453,0.68,0.2143
model-1592346426,1592347645.54,0.76,0.1609,0.74,0.1829
model-1592346426,1592347646.88,0.83,0.1342,0.69,0.1793
model-1592346426,1592347648.171,0.8,0.1386,0.82,0.1513
model-1592346426,1592347649.525,0.75,0.1616,0.78,0.1514
model-1592346426,1592347650.995,0.83,0.1324,0.72,0.1895
model-1592346426,1592347652.565,0.76,0.163,0.75,0.1627
model-1592346426,1592347653.869,0.77,0.1449,0.72,0.1803
model-1592346426,1592347655.275,0.77,0.1465,0.7,0.2006
model-1592346426,1592347656.684,0.85,0.119,0.79,0.1434
model-1592346426,1592347658.077,0.73,0.1788,0.73,0.1841
model-1592346426,1592347659.433,0.78,0.1615,0.78,0.149
model-1592346426,1592347660.975,0.74,0.1671,0.79,0.1369
model-1592346426,1592347662.296,0.78,0.1457,0.74,0.1951
model-1592346426,1592347663.615,0.82,0.1404,0.76,0.1744
model-1592346426,1592347664.971,0.8,0.1451,0.71,0.1975
model-1592346426,1592347666.325,0.79,0.1586,0.78,0.1348
model-1592346426,1592347667.993,0.83,0.1308,0.74,0.1636
model-1592346426,1592347669.49,0.83,0.1321,0.8,0.151
model-1592346426,1592347671.008,0.8,0.1529,0.73,0.1747
model-1592346426,1592347672.372,0.78,0.1507,0.72,0.1823
model-1592346426,1592347673.682,0.77,0.1601,0.79,0.1328
model-1592346426,1592347675.065,0.78,0.1551,0.73,0.1826
model-1592346426,1592347676.443,0.79,0.1468,0.71,0.18
model-1592346426,1592347677.724,0.78,0.1463,0.74,0.1659
model-1592346426,1592347679.045,0.75,0.1509,0.71,0.1759
model-1592346426,1592347680.429,0.81,0.1359,0.8,0.1341
model-1592346426,1592347681.785,0.81,0.1431,0.78,0.1718
model-1592346426,1592347682.751,0.81,0.131,0.7,0.184
model-1592346426,1592347684.458,0.66,0.211,0.75,0.1657
model-1592346426,1592347685.777,0.75,0.1566,0.73,0.1782
model-1592346426,1592347687.157,0.78,0.151,0.72,0.1813
model-1592346426,1592347688.442,0.86,0.1141,0.79,0.1426
model-1592346426,1592347689.752,0.77,0.1516,0.77,0.153
model-1592346426,1592347691.073,0.83,0.135,0.72,0.1808
model-1592346426,1592347692.381,0.73,0.1808,0.84,0.1255
model-1592346426,1592347693.718,0.82,0.1271,0.79,0.1691
model-1592346426,1592347695.066,0.82,0.1209,0.72,0.1937
model-1592346426,1592347696.42,0.83,0.1263,0.76,0.1743
model-1592346426,1592347697.721,0.76,0.1479,0.73,0.1959
model-1592346426,1592347699.195,0.75,0.174,0.82,0.1184
model-1592346426,1592347700.731,0.77,0.1641,0.73,0.1532
model-1592346426,1592347702.068,0.81,0.1289,0.73,0.1743
model-1592346426,1592347703.466,0.81,0.142,0.75,0.1728
model-1592346426,1592347704.888,0.86,0.1035,0.78,0.1481
model-1592346426,1592347706.231,0.8,0.1406,0.72,0.1896
model-1592346426,1592347707.525,0.8,0.1439,0.73,0.1772
model-1592346426,1592347708.841,0.71,0.1777,0.82,0.1335
model-1592346426,1592347710.241,0.69,0.2009,0.74,0.1874
model-1592346426,1592347711.565,0.83,0.1047,0.75,0.175
model-1592346426,1592347712.88,0.77,0.1379,0.81,0.1459
model-1592346426,1592347714.213,0.82,0.1223,0.75,0.1726
model-1592346426,1592347715.77,0.86,0.1165,0.79,0.1522
model-1592346426,1592347717.189,0.73,0.1727,0.76,0.1681
model-1592346426,1592347718.548,0.86,0.1006,0.74,0.1859
model-1592346426,1592347719.891,0.79,0.1363,0.69,0.1859
model-1592346426,1592347721.21,0.78,0.1515,0.82,0.1279
model-1592346426,1592347722.486,0.83,0.1294,0.71,0.182
model-1592346426,1592347723.802,0.81,0.1383,0.74,0.1529
model-1592346426,1592347725.191,0.81,0.1228,0.75,0.1542
model-1592346426,1592347726.538,0.88,0.0999,0.74,0.184
model-1592346426,1592347727.886,0.82,0.1273,0.74,0.1658
model-1592346426,1592347729.229,0.89,0.1096,0.77,0.1646
model-1592346426,1592347730.533,0.83,0.1217,0.76,0.1553
model-1592346426,1592347732.11,0.78,0.15,0.7,0.1824
model-1592346426,1592347733.479,0.84,0.1176,0.8,0.1464
model-1592346426,1592347734.785,0.8,0.1434,0.81,0.1317
model-1592346426,1592347736.106,0.77,0.1477,0.8,0.1365
model-1592346426,1592347737.468,0.77,0.1447,0.77,0.1678
model-1592346426,1592347738.795,0.83,0.1227,0.78,0.1624
model-1592346426,1592347740.144,0.81,0.1271,0.74,0.1835
model-1592346426,1592347741.482,0.81,0.1384,0.84,0.1282
model-1592346426,1592347742.847,0.89,0.088,0.7,0.192
model-1592346426,1592347744.29,0.81,0.1403,0.77,0.1642
model-1592346426,1592347745.612,0.84,0.1185,0.74,0.1819
model-1592346426,1592347746.986,0.88,0.1004,0.75,0.1779
model-1592346426,1592347748.561,0.8,0.136,0.74,0.172
model-1592346426,1592347749.883,0.79,0.1542,0.79,0.1506
model-1592346426,1592347751.215,0.83,0.1304,0.83,0.1285
model-1592346426,1592347752.625,0.84,0.1165,0.76,0.1791
model-1592346426,1592347753.964,0.8,0.1303,0.75,0.1775
model-1592346426,1592347755.299,0.84,0.1275,0.83,0.1251
model-1592346426,1592347756.589,0.83,0.1336,0.84,0.1284
model-1592346426,1592347757.955,0.82,0.1361,0.69,0.1957
model-1592346426,1592347759.243,0.86,0.1071,0.79,0.1528
model-1592346426,1592347760.643,0.75,0.1806,0.77,0.1639
model-1592346426,1592347761.967,0.81,0.1302,0.76,0.1713
model-1592346426,1592347763.452,0.84,0.1113,0.82,0.1407
model-1592346426,1592347764.946,0.81,0.1482,0.74,0.1799
model-1592346426,1592347766.268,0.79,0.1317,0.83,0.1177
model-1592346426,1592347767.602,0.82,0.1099,0.78,0.1466
model-1592346426,1592347768.912,0.79,0.1617,0.76,0.1833
model-1592346426,1592347770.23,0.87,0.1154,0.75,0.1625
model-1592346426,1592347771.555,0.82,0.1204,0.7,0.1792
model-1592346426,1592347772.921,0.87,0.1108,0.78,0.1557
model-1592346426,1592347774.255,0.81,0.1292,0.8,0.1511
model-1592346426,1592347775.596,0.82,0.1358,0.73,0.1779
model-1592346426,1592347776.963,0.79,0.1295,0.79,0.1574
model-1592346426,1592347778.312,0.87,0.1241,0.75,0.1782
model-1592346426,1592347779.84,0.86,0.1249,0.74,0.1698
model-1592346426,1592347781.29,0.88,0.098,0.79,0.1453
model-1592346426,1592347782.806,0.78,0.15,0.7,0.171
model-1592346426,1592347784.155,0.83,0.1317,0.71,0.1913
model-1592346426,1592347785.515,0.82,0.1429,0.73,0.164
model-1592346426,1592347786.834,0.88,0.1116,0.76,0.156
model-1592346426,1592347788.147,0.85,0.1083,0.77,0.17
model-1592346426,1592347789.46,0.8,0.1644,0.74,0.1923
model-1592346426,1592347790.841,0.76,0.1576,0.74,0.1782
model-1592346426,1592347792.222,0.84,0.112,0.75,0.179
model-1592346426,1592347793.602,0.83,0.1275,0.78,0.1637
model-1592346426,1592347795.059,0.77,0.152,0.75,0.1596
model-1592346426,1592347796.586,0.83,0.1215,0.74,0.1725
model-1592346426,1592347797.909,0.86,0.1065,0.83,0.1259
model-1592346426,1592347799.286,0.79,0.152,0.77,0.1583
model-1592346426,1592347800.673,0.81,0.1425,0.78,0.1684
model-1592346426,1592347801.972,0.86,0.11,0.74,0.1746
model-1592346426,1592347803.306,0.84,0.1057,0.78,0.1709
model-1592346426,1592347804.641,0.81,0.1507,0.79,0.1411
model-1592346426,1592347806.018,0.75,0.169,0.75,0.1603
model-1592346426,1592347807.343,0.75,0.1452,0.73,0.1848
model-1592346426,1592347808.726,0.78,0.1563,0.76,0.1629
model-1592346426,1592347810.036,0.8,0.1401,0.79,0.1433
model-1592346426,1592347811.572,0.87,0.1005,0.81,0.1418
model-1592346426,1592347813.367,0.86,0.1078,0.81,0.1462
model-1592346426,1592347815.235,0.83,0.1128,0.81,0.1446
model-1592346426,1592347816.861,0.86,0.117,0.73,0.1812
model-1592346426,1592347818.643,0.87,0.0983,0.76,0.1587
model-1592346426,1592347819.991,0.84,0.1336,0.72,0.2079
model-1592346426,1592347821.336,0.75,0.1867,0.77,0.1943
model-1592346426,1592347822.652,0.83,0.1494,0.6,0.27
model-1592346426,1592347823.984,0.73,0.1678,0.72,0.1758
model-1592346426,1592347825.327,0.8,0.1255,0.81,0.1461
model-1592346426,1592347826.66,0.84,0.1168,0.76,0.1582
model-1592346426,1592347828.345,0.78,0.1462,0.69,0.2199
model-1592346426,1592347829.699,0.71,0.1987,0.78,0.1713
model-1592346426,1592347831.111,0.81,0.1461,0.72,0.182
model-1592346426,1592347832.445,0.85,0.125,0.68,0.2168
model-1592346426,1592347833.766,0.82,0.1324,0.71,0.2294
model-1592346426,1592347835.136,0.71,0.1842,0.7,0.2182
model-1592346426,1592347836.472,0.77,0.1399,0.79,0.1664
model-1592346426,1592347837.817,0.73,0.1739,0.71,0.1907
model-1592346426,1592347839.135,0.84,0.1204,0.73,0.1791
model-1592346426,1592347840.448,0.81,0.1425,0.74,0.181
model-1592346426,1592347841.773,0.85,0.1211,0.71,0.1887
model-1592346426,1592347843.228,0.76,0.1619,0.7,0.1836
model-1592346426,1592347844.713,0.79,0.1539,0.72,0.1856
model-1592346426,1592347846.04,0.83,0.125,0.71,0.1858
model-1592346426,1592347847.38,0.79,0.1437,0.77,0.1694
model-1592346426,1592347848.686,0.79,0.1361,0.74,0.1721
model-1592346426,1592347850.051,0.82,0.1282,0.75,0.1725
model-1592346426,1592347851.428,0.8,0.139,0.73,0.1709
model-1592346426,1592347852.693,0.79,0.1472,0.78,0.1579
model-1592346426,1592347853.97,0.83,0.116,0.72,0.202
model-1592346426,1592347855.327,0.76,0.1595,0.7,0.207
model-1592346426,1592347856.676,0.77,0.1597,0.75,0.1726
model-1592346426,1592347858.035,0.81,0.1043,0.65,0.2213
model-1592346426,1592347859.553,0.81,0.1544,0.72,0.1788
model-1592346426,1592347861.109,0.84,0.1325,0.75,0.1746
model-1592346426,1592347862.418,0.83,0.1278,0.75,0.1884
model-1592346426,1592347863.802,0.8,0.1358,0.7,0.1916
model-1592346426,1592347865.143,0.82,0.1113,0.74,0.1939
model-1592346426,1592347866.497,0.76,0.1617,0.66,0.2181
model-1592346426,1592347867.871,0.73,0.1931,0.83,0.1284
model-1592346426,1592347869.224,0.79,0.156,0.78,0.1522
model-1592346426,1592347870.545,0.9,0.0865,0.76,0.1646
model-1592346426,1592347871.848,0.81,0.1329,0.74,0.1614
model-1592346426,1592347873.24,0.82,0.137,0.79,0.1393
model-1592346426,1592347874.545,0.77,0.1459,0.77,0.1567
model-1592346426,1592347876.125,0.78,0.1271,0.83,0.1222
model-1592346426,1592347877.569,0.74,0.1519,0.8,0.141
model-1592346426,1592347878.951,0.83,0.1264,0.79,0.1444
model-1592346426,1592347880.24,0.84,0.1103,0.71,0.1964
model-1592346426,1592347881.548,0.81,0.1403,0.7,0.1864
model-1592346426,1592347882.868,0.82,0.1323,0.72,0.1747
model-1592346426,1592347884.21,0.83,0.1474,0.72,0.1668
model-1592346426,1592347885.502,0.82,0.1371,0.83,0.1294
model-1592346426,1592347886.813,0.83,0.1367,0.75,0.158
model-1592346426,1592347888.111,0.89,0.1083,0.76,0.1826
model-1592346426,1592347889.426,0.82,0.1071,0.8,0.1329
model-1592346426,1592347890.768,0.74,0.1701,0.77,0.1578
model-1592346426,1592347892.379,0.81,0.1404,0.74,0.1602
model-1592346426,1592347893.728,0.78,0.1419,0.68,0.2002
model-1592346426,1592347895.057,0.81,0.1352,0.86,0.1183
model-1592346426,1592347896.409,0.81,0.1483,0.76,0.1847
model-1592346426,1592347897.702,0.8,0.1596,0.73,0.172
model-1592346426,1592347899.021,0.84,0.1143,0.78,0.1489
model-1592346426,1592347900.357,0.82,0.1129,0.76,0.1556
model-1592346426,1592347901.69,0.82,0.1367,0.78,0.1485
model-1592346426,1592347903.038,0.77,0.1628,0.65,0.1989
model-1592346426,1592347904.373,0.85,0.1095,0.74,0.1608
model-1592346426,1592347905.69,0.83,0.1418,0.76,0.1566
model-1592346426,1592347907.109,0.83,0.1251,0.8,0.1512
model-1592346426,1592347908.689,0.89,0.1074,0.75,0.1683
model-1592346426,1592347910.06,0.83,0.1221,0.76,0.1679
model-1592346426,1592347911.328,0.88,0.1096,0.81,0.1317
model-1592346426,1592347912.675,0.81,0.1612,0.75,0.1591
model-1592346426,1592347913.974,0.88,0.1211,0.73,0.1905
model-1592346426,1592347915.302,0.77,0.1621,0.72,0.1835
model-1592346426,1592347916.576,0.86,0.1018,0.77,0.1664
model-1592346426,1592347917.944,0.82,0.1024,0.84,0.1328
model-1592346426,1592347919.368,0.81,0.1368,0.7,0.2036
model-1592346426,1592347920.728,0.79,0.1548,0.69,0.1887
model-1592346426,1592347922.101,0.84,0.1063,0.8,0.1186
model-1592346426,1592347923.585,0.85,0.1188,0.8,0.1492
model-1592346426,1592347925.068,0.89,0.0937,0.8,0.1251
model-1592346426,1592347926.379,0.82,0.1314,0.72,0.1743
model-1592346426,1592347927.713,0.81,0.1237,0.77,0.1563
model-1592346426,1592347929.024,0.88,0.0925,0.81,0.1193
model-1592346426,1592347930.33,0.78,0.1468,0.77,0.1371
model-1592346426,1592347931.652,0.77,0.1436,0.78,0.1589
model-1592346426,1592347932.968,0.79,0.1372,0.74,0.17
model-1592346426,1592347934.308,0.83,0.127,0.8,0.138
model-1592346426,1592347935.644,0.85,0.106,0.68,0.1993
model-1592346426,1592347936.991,0.85,0.1055,0.7,0.1836
model-1592346426,1592347938.286,0.78,0.1508,0.66,0.1982
model-1592346426,1592347940.047,0.76,0.1726,0.73,0.1862
model-1592346426,1592347941.542,0.8,0.1255,0.65,0.2336
model-1592346426,1592347942.89,0.8,0.1537,0.68,0.1872
model-1592346426,1592347944.217,0.82,0.1209,0.73,0.198
model-1592346426,1592347945.607,0.78,0.1372,0.83,0.1327
model-1592346426,1592347946.947,0.78,0.1565,0.72,0.1978
model-1592346426,1592347948.262,0.8,0.1268,0.77,0.1681
model-1592346426,1592347949.528,0.78,0.1553,0.74,0.19
model-1592346426,1592347950.91,0.79,0.1647,0.68,0.234
model-1592346426,1592347952.249,0.75,0.1649,0.7,0.2196
model-1592346426,1592347953.534,0.79,0.1435,0.74,0.167
model-1592346426,1592347954.917,0.81,0.1368,0.82,0.1144
model-1592346426,1592347956.519,0.86,0.1167,0.78,0.1492
model-1592346426,1592347957.863,0.81,0.1396,0.76,0.1593
model-1592346426,1592347959.197,0.74,0.1794,0.79,0.1489
model-1592346426,1592347960.578,0.78,0.1536,0.78,0.1306
model-1592346426,1592347961.916,0.81,0.1463,0.75,0.1954
model-1592346426,1592347963.195,0.84,0.1402,0.75,0.1737
model-1592346426,1592347964.628,0.78,0.1417,0.69,0.1818
model-1592346426,1592347965.938,0.76,0.1512,0.77,0.1673
model-1592346426,1592347967.227,0.77,0.1465,0.72,0.1857
model-1592346426,1592347968.628,0.81,0.1195,0.72,0.1744
model-1592346426,1592347969.989,0.75,0.1556,0.82,0.1371
model-1592346426,1592347971.539,0.76,0.1546,0.72,0.1982
model-1592346426,1592347973.065,0.82,0.121,0.72,0.1748
model-1592346426,1592347974.418,0.77,0.1435,0.82,0.1306
model-1592346426,1592347975.739,0.82,0.1439,0.76,0.1391
model-1592346426,1592347977.055,0.81,0.1272,0.7,0.1986
model-1592346426,1592347978.373,0.81,0.1372,0.77,0.1656
model-1592346426,1592347979.701,0.78,0.1326,0.76,0.1724
model-1592346426,1592347980.979,0.77,0.1564,0.82,0.1425
model-1592346426,1592347982.288,0.8,0.1377,0.76,0.1775
model-1592346426,1592347983.586,0.81,0.1342,0.74,0.1684
model-1592346426,1592347985.007,0.78,0.1497,0.72,0.1807
model-1592346426,1592347986.294,0.86,0.1031,0.76,0.1941
model-1592346426,1592347987.843,0.79,0.1237,0.76,0.1687
model-1592346426,1592347989.345,0.83,0.1196,0.84,0.138
model-1592346426,1592347990.71,0.81,0.1312,0.7,0.1806
model-1592346426,1592347991.576,0.85,0.1129,0.78,0.1509
